[2025-10-14 03:53:16] [INFO] ✅ Мод загружен: epic_artifacts
[2025-10-14 03:53:16] [INFO] ✅ Мод загружен: example_mod
[2025-10-14 03:53:16] [INFO]    ✅ Хук зарегистрирован: player_created
[2025-10-14 03:53:16] [INFO]    ✅ Хук зарегистрирован: battle_start
[2025-10-14 03:53:16] [INFO]    ✅ Хук зарегистрирован: damage_calculation
[2025-10-14 03:53:16] [INFO]    ✅ Хук зарегистрирован: enemy_creation
[2025-10-14 03:53:16] [INFO] ✅ Мод загружен: extended_achievements
[2025-10-14 03:53:16] [INFO]    ✅ Хук зарегистрирован: battle_end
[2025-10-14 03:53:16] [INFO]    ✅ Хук зарегистрирован: damage_calculation
[2025-10-14 03:53:16] [INFO]    ✅ Хук зарегистрирован: item_use
[2025-10-14 03:53:16] [INFO]    ✅ Хук зарегистрирован: achievement_stat_value
[2025-10-14 03:53:16] [INFO]    ✅ Хук зарегистрирован: achievement_display
[2025-10-14 03:53:16] [INFO]    ✅ Хук зарегистрирован: achievement_unlocked
[2025-10-14 03:59:48] [INFO] ✅ Мод загружен: epic_artifacts
[2025-10-14 03:59:48] [INFO] ✅ Мод загружен: example_mod
[2025-10-14 03:59:48] [INFO]    ✅ Хук зарегистрирован: player_created
[2025-10-14 03:59:48] [INFO]    ✅ Хук зарегистрирован: battle_start
[2025-10-14 03:59:48] [INFO]    ✅ Хук зарегистрирован: damage_calculation
[2025-10-14 03:59:48] [INFO]    ✅ Хук зарегистрирован: enemy_creation
[2025-10-14 03:59:48] [INFO] ✅ Мод загружен: extended_achievements
[2025-10-14 03:59:48] [INFO]    ✅ Хук зарегистрирован: battle_end
[2025-10-14 03:59:48] [INFO]    ✅ Хук зарегистрирован: damage_calculation
[2025-10-14 03:59:48] [INFO]    ✅ Хук зарегистрирован: item_use
[2025-10-14 03:59:48] [INFO]    ✅ Хук зарегистрирован: achievement_stat_value
[2025-10-14 03:59:48] [INFO]    ✅ Хук зарегистрирован: achievement_display
[2025-10-14 03:59:48] [INFO]    ✅ Хук зарегистрирован: achievement_unlocked
[2025-10-14 04:02:50] [INFO] ✅ Мод загружен: epic_artifacts
[2025-10-14 04:02:50] [INFO] ✅ Мод загружен: example_mod
[2025-10-14 04:02:50] [INFO]    ✅ Хук зарегистрирован: player_created
[2025-10-14 04:02:50] [INFO]    ✅ Хук зарегистрирован: battle_start
[2025-10-14 04:02:50] [INFO]    ✅ Хук зарегистрирован: damage_calculation
[2025-10-14 04:02:50] [INFO]    ✅ Хук зарегистрирован: enemy_creation
[2025-10-14 04:02:50] [INFO] ✅ Мод загружен: extended_achievements
[2025-10-14 04:02:50] [INFO]    ✅ Хук зарегистрирован: battle_end
[2025-10-14 04:02:50] [INFO]    ✅ Хук зарегистрирован: damage_calculation
[2025-10-14 04:02:50] [INFO]    ✅ Хук зарегистрирован: item_use
[2025-10-14 04:02:50] [INFO]    ✅ Хук зарегистрирован: achievement_stat_value
[2025-10-14 04:02:50] [INFO]    ✅ Хук зарегистрирован: achievement_display
[2025-10-14 04:02:50] [INFO]    ✅ Хук зарегистрирован: achievement_unlocked
